2020-06-03T06:24:58+00:00 CRITICAL Uncaught Error: Call to a member function array() on string in C:\xampp\htdocs\wpfive\wp-content\plugins\noqodi\noqodi-gateway.php:34
Stack trace:
#0 C:\xampp\htdocs\wpfive\wp-content\plugins\noqodi\noqodi-gateway.php(28): WC_Noqodi_Payment_Gateway->init_form_fields()
#1 C:\xampp\htdocs\wpfive\wp-content\plugins\woocommerce\includes\class-wc-payment-gateways.php(94): WC_Noqodi_Payment_Gateway->__construct()
#2 C:\xampp\htdocs\wpfive\wp-content\plugins\woocommerce\includes\class-wc-payment-gateways.php(70): WC_Payment_Gateways->init()
#3 C:\xampp\htdocs\wpfive\wp-content\plugins\woocommerce\includes\class-wc-payment-gateways.php(43): WC_Payment_Gateways->__construct()
#4 C:\xampp\htdocs\wpfive\wp-content\plugins\woocommerce\includes\class-woocommerce.php(826): WC_Payment_Gateways::instance()
#5 C:\xampp\htdocs\wpfive\wp-content\plugins\woocommerce\includes\admin\class-wc-admin-menus.php(91): WooCommerce->payment_gateways()
#6 C:\xampp\htdocs\wpfive\wp-includes\class-wp-hook.php(287): WC_Admin_Menus->settings_p in C:\xampp\htdocs\wpfive\wp-content\plugins\noqodi\noqodi-gateway.php on line 34

2020-06-03T06:27:35+00:00 CRITICAL Uncaught Error: Call to a member function array() on string in C:\xampp\htdocs\wpfive\wp-content\plugins\noqodi\noqodi-gateway.php:32
Stack trace:
#0 C:\xampp\htdocs\wpfive\wp-content\plugins\noqodi\noqodi-gateway.php(27): WC_Noqodi_Payment_Gateway->init_form_fields()
#1 C:\xampp\htdocs\wpfive\wp-content\plugins\woocommerce\includes\class-wc-payment-gateways.php(94): WC_Noqodi_Payment_Gateway->__construct()
#2 C:\xampp\htdocs\wpfive\wp-content\plugins\woocommerce\includes\class-wc-payment-gateways.php(70): WC_Payment_Gateways->init()
#3 C:\xampp\htdocs\wpfive\wp-content\plugins\woocommerce\includes\class-wc-payment-gateways.php(43): WC_Payment_Gateways->__construct()
#4 C:\xampp\htdocs\wpfive\wp-content\plugins\woocommerce\includes\class-woocommerce.php(826): WC_Payment_Gateways::instance()
#5 C:\xampp\htdocs\wpfive\wp-content\plugins\woocommerce\includes\admin\class-wc-admin-menus.php(91): WooCommerce->payment_gateways()
#6 C:\xampp\htdocs\wpfive\wp-includes\class-wp-hook.php(287): WC_Admin_Menus->settings_p in C:\xampp\htdocs\wpfive\wp-content\plugins\noqodi\noqodi-gateway.php on line 32

2020-06-03T06:29:59+00:00 CRITICAL Uncaught Error: Call to a member function array() on string in C:\xampp\htdocs\wpfive\wp-content\plugins\noqodi\noqodi-gateway.php:32
Stack trace:
#0 C:\xampp\htdocs\wpfive\wp-content\plugins\noqodi\noqodi-gateway.php(27): WC_Noqodi_Payment_Gateway->init_form_fields()
#1 C:\xampp\htdocs\wpfive\wp-content\plugins\woocommerce\includes\class-wc-payment-gateways.php(94): WC_Noqodi_Payment_Gateway->__construct()
#2 C:\xampp\htdocs\wpfive\wp-content\plugins\woocommerce\includes\class-wc-payment-gateways.php(70): WC_Payment_Gateways->init()
#3 C:\xampp\htdocs\wpfive\wp-content\plugins\woocommerce\includes\class-wc-payment-gateways.php(43): WC_Payment_Gateways->__construct()
#4 C:\xampp\htdocs\wpfive\wp-content\plugins\woocommerce\includes\class-woocommerce.php(826): WC_Payment_Gateways::instance()
#5 C:\xampp\htdocs\wpfive\wp-content\plugins\woocommerce\includes\admin\class-wc-admin-menus.php(91): WooCommerce->payment_gateways()
#6 C:\xampp\htdocs\wpfive\wp-includes\class-wp-hook.php(287): WC_Admin_Menus->settings_p in C:\xampp\htdocs\wpfive\wp-content\plugins\noqodi\noqodi-gateway.php on line 32

2020-06-03T06:32:07+00:00 CRITICAL Uncaught Error: Call to a member function array() on string in C:\xampp\htdocs\wpfive\wp-content\plugins\noqodi\noqodi-gateway.php:32
Stack trace:
#0 C:\xampp\htdocs\wpfive\wp-content\plugins\noqodi\noqodi-gateway.php(27): WC_Noqodi_Payment_Gateway->init_form_fields()
#1 C:\xampp\htdocs\wpfive\wp-content\plugins\woocommerce\includes\class-wc-payment-gateways.php(94): WC_Noqodi_Payment_Gateway->__construct()
#2 C:\xampp\htdocs\wpfive\wp-content\plugins\woocommerce\includes\class-wc-payment-gateways.php(70): WC_Payment_Gateways->init()
#3 C:\xampp\htdocs\wpfive\wp-content\plugins\woocommerce\includes\class-wc-payment-gateways.php(43): WC_Payment_Gateways->__construct()
#4 C:\xampp\htdocs\wpfive\wp-content\plugins\woocommerce\includes\class-woocommerce.php(826): WC_Payment_Gateways::instance()
#5 C:\xampp\htdocs\wpfive\wp-content\plugins\woocommerce\includes\admin\class-wc-admin-menus.php(91): WooCommerce->payment_gateways()
#6 C:\xampp\htdocs\wpfive\wp-includes\class-wp-hook.php(287): WC_Admin_Menus->settings_p in C:\xampp\htdocs\wpfive\wp-content\plugins\noqodi\noqodi-gateway.php on line 32

